<?xml version="1.0" encoding="UTF-8"?>
<testsuite name="NewsApiIntegrationServiceTest" tests="1" skipped="0" failures="0" errors="0" timestamp="2017-03-19T18:14:23" hostname="Josss-MBP" time="6.538">
  <properties/>
  <testcase name="checkNewsApiServiceGuardian" classname="NewsApiIntegrationServiceTest" time="6.538"/>
  <system-out><![CDATA[Testing guardian news com.jmt.geomonitor.service for category: UK


18:14:23.639 [Test worker] DEBUG com.geomonitor.jmt.integration.NewsApiIntegrationService - URI: https://www.theguardian.com/uk/rss
18:14:29.280 [Test worker] DEBUG com.geomonitor.jmt.integration.NewsApiIntegrationService - Returning abstract response integration model null[UK Mail driver who was unable to work after car accident charged £800null<p>Delivery company accused of ripping off workers over costs passed on for finding drivers to cover for sickness absences</p><p>Delivery company UK Mail has been accused of “ripping off” workers and using “inhuman” practices after it charged a courier nearly £800 when he was unable to work as a result of a car accident while on duty.</p><p>The <a href="https://www.theguardian.com/business/2016/sep/28/deutsche-post-agrees-to-buy-uk-mail">£250m business</a>, which delivers for retailers including Tesco, Homebase and O2, billed 47-year old Emil Ibrahimov £216 on the days he could not work after a car drove into him while he was carrying parcels from the rear of his van in east London.</p> <a href="https://www.theguardian.com/business/2017/mar/19/uk-mail-driver-unable-to-work-car-accident-charged-800-pounds">Continue reading...</a>nullhttps://www.theguardian.com/business/2017/mar/19/uk-mail-driver-unable-to-work-car-accident-charged-800-poundsnull, Police seek 33-year-old man in connection with one-year-old boy's murdernull<p>Bidhya Sagar Das sought by Metropolitan police after incident that left one-year-old boy dead and twin sister critically injured</p><p>Police are searching for a 33-year-old man in connection with the murder of a one-year-old boy in a domestic incident in Finsbury Park.</p><p>Bidhya Sagar Das is being sought by Met police murder investigators following the incident on Saturday that also left the victim’s twin sister critically injured. </p> <a href="https://www.theguardian.com/uk-news/2017/mar/19/boy-aged-one-dies-after-incident-at-north-london-flat-finsbury-park">Continue reading...</a>nullhttps://www.theguardian.com/uk-news/2017/mar/19/boy-aged-one-dies-after-incident-at-north-london-flat-finsbury-parknull, Ruth Davidson doubts George Osborne's ability to remain an MPnull<p>Scottish Tory leader questions former chancellor’s vow to edit Evening Standard while representing his constituency</p><p>The leader of the Scottish Conservatives has questioned George Osborne’s vow to remain as an MP after he <a href="https://www.theguardian.com/politics/2017/mar/17/george-osborne-named-new-evening-standard-editor-newspaper">becomes editor of the London Evening Standard</a>, as the chair of the parliamentary standards watchdog pledged to review rules on MPs’ second jobs. </p><p>Ruth Davidson said she could not see how the former chancellor could juggle being a journalist and a politician.</p> <a href="https://www.theguardian.com/politics/2017/mar/19/ruth-davidson-doubts-george-osborne-ability-remain-mp-evening-standard">Continue reading...</a>nullhttps://www.theguardian.com/politics/2017/mar/19/ruth-davidson-doubts-george-osborne-ability-remain-mp-evening-standardnull, Germany rejects Trump claim it owes Nato and US 'vast sums' for defencenull<ul><li>Defence minister Ursula von der Leyen rejects Trump’s tweeted claim<br></li><li>‘No debt account to Nato’, minister says, explaining spending policy</li></ul><p>The German defence minister, Ursula von der Leyen, on Sunday rejected <a href="https://www.theguardian.com/world/2017/mar/18/trump-merkel-nato-germany-owe-money-tweet">Donald Trump’s claim</a> that Germany owes Nato and the US “vast sums” of money for defence.</p><p> <span>Related: </span><a href="https://www.theguardian.com/world/2017/mar/18/trump-merkel-nato-germany-owe-money-tweet">'That's not how it works': Trump's grasp of Nato questioned</a> </p> <a href="https://www.theguardian.com/world/2017/mar/19/germany-rejects-trump-nato-us-defence">Continue reading...</a>nullhttps://www.theguardian.com/world/2017/mar/19/germany-rejects-trump-nato-us-defencenull, Two Russians charged over £2m malware attack on UK banksnull<p>Vugar Mollachiev and Abdurahman Bazaev charged with money laundering after arrest by Met police cybercrime unit</p><p>Two Russian nationals have been charged with money laundering by detectives investigating a £2m computer malware attack on UK banks. </p><p>Vugar Mollachiev, 37, and Abdurahman Bazaev, 48, both from Winchmore Hill, north London, were arrested by the Metropolitan police Falcon cybercrime unit on Friday. </p> <a href="https://www.theguardian.com/uk-news/2017/mar/19/two-russians-charged-over-malware-attack-on-uk-banks">Continue reading...</a>nullhttps://www.theguardian.com/uk-news/2017/mar/19/two-russians-charged-over-malware-attack-on-uk-banksnull, Scottish independence: Nicola Sturgeon willing to discuss vote delaynull<p>First minister suggests she would consider putting off referendum by a ‘reasonable’ amount of time but not until after Brexit</p><p>Nicola Sturgeon has said she is willing to have a “reasonable” discussion with Theresa May to delay a Scottish independence referendum, but insisted it could not be put off for long in the face of Brexit.</p><p>Scotland’s first minister earlier said a new independence vote should be held in 2018, before the final deal on the UK’s exit from the EU is sealed. But on Sunday she hinted that she could be willing to wait up to another year. </p> <a href="https://www.theguardian.com/politics/2017/mar/19/scottish-independence-nicola-sturgeon-willing-to-discuss-delay">Continue reading...</a>nullhttps://www.theguardian.com/politics/2017/mar/19/scottish-independence-nicola-sturgeon-willing-to-discuss-delaynull, Google braces for questions as more big-name firms pull advertsnull<p>Sky, Vodafone and trio of high street banks take action as industry and UK government ask how their ads became attached to extremist material</p><p>Google executives are bracing for a two-pronged inquisition from the advertising industry and the government over the company’s plans to stop ads being placed next to extremist material.</p><p>A slew of big-name companies, advertising firms and government departments have either <a href="https://www.theguardian.com/media/2017/mar/17/google-pledges-more-control-for-brands-over-ad-placement">pulled their adverts</a> from Google and its YouTube video site or are considering whether to do so, with media giant Sky, telecoms group Vodafone and a trio of banks adding their names to a growing list over the weekend.</p> <a href="https://www.theguardian.com/technology/2017/mar/19/google-braces-for-questions-as-more-big-name-firms-pull-adverts">Continue reading...</a>nullhttps://www.theguardian.com/technology/2017/mar/19/google-braces-for-questions-as-more-big-name-firms-pull-advertsnull, Three US troops wounded after Afghan soldier opens firenull<ul><li>Afghan army spokesman calls shooting a ‘mistake’ that was not deliberate</li><li>Shooter was shot dead at base in southern Helmand province</li></ul><p>An Afghan soldier opened fire on Sunday inside a base in the southern Helmand province, wounding three US soldiers before being shot dead, an Afghan official said.</p><p>Colonel Mohammad Rasoul Zazai, an army spokesman, said the soldier had made a “mistake” and had not fired deliberately. A coalition-run Twitter account said an Afghan soldier shot and wounded three American soldiers, without providing further details.</p> <a href="https://www.theguardian.com/world/2017/mar/19/three-us-troops-wounded-afghan-soldier">Continue reading...</a>nullhttps://www.theguardian.com/world/2017/mar/19/three-us-troops-wounded-afghan-soldiernull, Rape victims to be spared ordeal of cross-examination in courtnull<p>Justice secretary says alleged victims in England and Wales will be given option of prerecording evidence for a trial</p><p>New measures to spare alleged rape victims from facing live cross-examination in court will be rolled out as part of changes being made by the justice secretary.</p><p>Liz Truss announced that from September victims in England and Wales would be able to provide evidence in prerecorded cross-examinations to be played to the jury once a trial begins. </p> <a href="https://www.theguardian.com/society/2017/mar/19/victims-rape-spared-ordeal-cross-examination-court">Continue reading...</a>nullhttps://www.theguardian.com/society/2017/mar/19/victims-rape-spared-ordeal-cross-examination-courtnull, Man charged over attack on Gainsborough painting at National Gallerynull<p>Keith Gregory, 63, charged after 1785 work The Morning Walk damaged in attack that prompted east wing evacuation</p><p>A wing of the National Gallery was evacuated on Saturday afternoon after a man attacked a Thomas Gainsborough painting with a screwdriver. </p><p>At about 2.15pm in the east wing of the gallery, a visitor attacked the 1785 painting Mr and Mrs William Hallett, better known as The Morning Walk.</p> <a href="https://www.theguardian.com/artanddesign/2017/mar/19/man-charged-damage-to-gainsborough-work-at-national-gallery-evacuation">Continue reading...</a>nullhttps://www.theguardian.com/artanddesign/2017/mar/19/man-charged-damage-to-gainsborough-work-at-national-gallery-evacuationnull, Six easy vegetarian recipes from the Green Kitchennull<p>David Frenkiel and Luise Vindahl, the husband and wife team behind the acclaimed blog Green Kitchen, now have three children. They’re the inspiration for their new collection of fuss-free recipes including sweet potato wraps and blueberry and yogurt cake</p><p>Two things have happened in David Frenkiel’s life recently that have prompted him to think about the meaning of home – the most obvious being that he has just written a book about it.</p><p>Frenkiel is the Swede behind food blog <a href="http://www.greenkitchenstories.com/">Green Kitchen Stories</a>, which he launched with his Danish wife Luise Vindahl in 2009. Back then, she was a health-conscious meat eater, he a carb-loving vegetarian. When they moved in together in Stockholm, she agreed to go veggie while he resolved to cut down on the pasta and pizza. The <a href="https://www.theguardian.com/lifeandstyle/2013/mar/16/green-kitchen-couple-come-of-age">blog</a> documented their adventures around a healthy vegetarian diet.</p> <a href="https://www.theguardian.com/lifeandstyle/2017/mar/19/six-easy-vegetarian-recipes-from-the-green-kitchen">Continue reading...</a>nullhttps://www.theguardian.com/lifeandstyle/2017/mar/19/six-easy-vegetarian-recipes-from-the-green-kitchennull, Manchester City v Liverpool: Premier League – live!null<ul><li>Premier League updates as Man City host Liverpool, kick-off 4.30pm GMT</li><li><a href="https://www.theguardian.com/football/blog/2017/mar/18/pep-guardiola-manchester-city-headache-liverpool-old-foe-jurgen-klopp-football">Guardiola’s Manchester City nurse a headache against Liverpool</a></li><li><a href="https://www.theguardian.com/football/blog/2017/mar/18/pep-guardiola-manchester-city-liverpool-barcelona-bayern-munich">Guardiola’s zonal theory will take time for Manchester City to learn</a></li><li>Email <a href="mailto:simon.burnton@theguardian.com">simon.burnton@theguardian.com</a> | Tweet <a href="https://twitter.com/Simon_Burnton">@Simon_Burnton</a></li></ul><p class="block-time published-time"> <time datetime="2017-03-19T18:13:41.923Z">6.13pm <span class="timezone">GMT</span></time> </p><p><strong>85 mins:</strong> Fact-correction dept: It was Wijnaldum with the lovely chip in the build-up to Lallana’s ludicrous miss, not Can.</p><p class="block-time published-time"> <time datetime="2017-03-19T18:12:41.061Z">6.12pm <span class="timezone">GMT</span></time> </p><p><strong>84 mins:</strong> Agüero, who after a quiet hour has come to life in the closing stages, is shoved off the ball on the left wing by Clyne. The free kick is cleared for a corner. The corner is just cleared.</p> <a href="https://www.theguardian.com/football/live/2017/mar/19/manchester-city-v-liverpool-premier-league-live">Continue reading...</a>nullhttps://www.theguardian.com/football/live/2017/mar/19/manchester-city-v-liverpool-premier-league-livenull, Jake Gyllenhaal: ‘I would love to not talk about my personal life’nullThe workaholic actor is one of the finest of his generation – and his new sci-fi horror Life the latest example of his skilful character-building. But perhaps it’s best not to ask him about Taylor Swift ...<p>Jake Gyllenhaal arrives at today’s interview carrying his own chair. Specifically, the chair he dragged across the fancy hotel suite so that he could sit in a normal, upright position, rather than recline on the designated chaise longue that had been set up for him next to me. The chair is a good call – having Gyllenhaal lie back while I ask about his life story might have made this encounter seem a little bit too much like a therapy session.</p><p>“Oh, was that the kind of interview you were expecting?” he says, with a&nbsp;cheeky widening of those intense eyes. “We can do that. If you don’t mind me lying down, you’ll definitely get some interesting stuff.”</p> <a href="https://www.theguardian.com/film/2017/mar/19/jake-gyllenhaal-i-would-love-to-not-talk-about-my-personal-life">Continue reading...</a>nullhttps://www.theguardian.com/film/2017/mar/19/jake-gyllenhaal-i-would-love-to-not-talk-about-my-personal-lifenull, Haddock has taken a battering – so what now for your fish and chips?null<p>Stocks of the species are low but fishmongers recommend lots of tasty alternatives</p><p>“It’s OK to eat fish / cause they don’t have any feelings,” sang <a href="https://www.theguardian.com/music/kurt-cobain">Kurt Cobain</a> in the early 90s, but the ethics of ocean sustainability have come into sharper focus since then. Last week, for instance, haddock from three North Sea and west Scotland fisheries were <a href="https://www.theguardian.com/environment/2017/mar/17/haddock-fish-scotland-uk-waters-removed-sustainable-seafood-list">removed from the Marine Conservation Society (MCS)’s “green list”</a> of fish to eat after stocks dipped below critical levels in 2016. To maintain the breeding-age population of stocks in certain regions, the MCS has asked consumers to heed its traffic-light-label warnings and avoid the fish.</p><p>“Green-certified” haddock caught in the north-east Arctic and Iceland are still available. And the confusingly similarly named Marine Stewardship Council<strong> </strong> <a href="http://www.bbc.co.uk/news/uk-scotland-39293265">has argued that stocks are still robust enough</a>, saying people could still eat haddock with a “clear conscience”. But for those who want to give <em>Melanogrammus aeglefinus</em> a breather, what are the sustainable alternatives?</p> <a href="https://www.theguardian.com/lifeandstyle/shortcuts/2017/mar/19/haddock-has-taken-a-battering-so-what-now-for-your-fishnchips">Continue reading...</a>nullhttps://www.theguardian.com/lifeandstyle/shortcuts/2017/mar/19/haddock-has-taken-a-battering-so-what-now-for-your-fishnchipsnull, Beauty and the Beast: feminist or fraud?null<p>Has Disney really turned Beauty and the Beast into a feminist fairytale? Or is it all just posh frocks and women’s work with a slice of Stockholm syndrome thrown in? We delve beneath the furry facade</p><p>Beauty and the Beast was billed as a great feminist retelling of a fundamentally regressive fairytale. It was so feminist that Emma Watson, its eponymous Beauty, has been pilloried on social media for the hypocrisy of such unfeminist acts as having breasts and being attractive. This, naturally, rallies the right-thinking sister to Watson’s defence, and thence to defend and applaud the entire film. But is this a trap? How feminist is it really? I dunked it in some water to see if it would drown (this witchcraft analogy does not stand up to close scrutiny, move on). </p> <a href="https://www.theguardian.com/film/2017/mar/19/beauty-and-the-beast-feminist-or-fraud">Continue reading...</a>nullhttps://www.theguardian.com/film/2017/mar/19/beauty-and-the-beast-feminist-or-fraudnull, 'From now on you have no name': life in a Cuban jailnull<p>A brutal high-security prison was the last place Stephen Purvis expected to end up when he moved to Havana. Stephen Gibbs tells his story</p><p>If you happened to go to a British embassy reception in Havana in the early 2000s, you would likely have met Stephen Purvis. You could not miss him. Six foot four, cropped grey hair, rum in hand, a broad smile and no shortage of good stories.</p><p>The mood among expats soured. All knew someone who had been caught up in the series of arrests</p> <a href="https://www.theguardian.com/global/2017/mar/19/life-in-a-cuban-jail-for-a-british-man">Continue reading...</a>nullhttps://www.theguardian.com/global/2017/mar/19/life-in-a-cuban-jail-for-a-british-mannull, Polaroid Swing aims to reboot brand and inspire new generationnull<p>Silicon Valley startup to offer equipment, exhibition space and possible commissions in new photographers’ support programme</p><p>In the 20th century <a href="https://www.nyfa.edu/student-resources/polaroid/">Polaroid was associated with artists who included Ansel Adams, Andy Warhol and David Hockney</a>. Now the rebooted brand is hoping to walk a similar road and inspire a new generation.</p><p> <span>Related: </span><a href="https://www.theguardian.com/technology/2016/jul/12/polaroid-swing-launch-new-app-moving-photography">Watch out, Instagram: new Polaroid app brings a nostalgic classic to your phone</a> </p> <a href="https://www.theguardian.com/artanddesign/2017/mar/19/polaroid-swing-aims-to-reboot-brand-and-inspire-new-generation">Continue reading...</a>nullhttps://www.theguardian.com/artanddesign/2017/mar/19/polaroid-swing-aims-to-reboot-brand-and-inspire-new-generationnull, Peach Tree and Momo-No-Ki, Shrewsbury: restaurant review | Jay Raynernull<p>A modern British bistro and a Japanese ramen house out of one kitchen? Somehow it works and it’s lots of fun</p><p><strong>The Peach Tree and Momo-No-Ki, 18-21 Abbey Foregate, Shrewsbury SY2 6AE (01743 355055). Meal for two, including wine and service: £50-£100</strong></p><p>Just outside the loop in the River Severn that encloses the heart of old <a href="https://www.theguardian.com/money/2016/jun/03/lets-move-to-shrewsbury-shropshire">Shrewsbury</a>, all mullion windows, dark beams and twisted brick, is a mini restaurant row. Here, facing the abbey, is a Cuban bar with an entirely un-Cuban menu of burgers and nachos. There’s a Japanese ramen house next door and a modern British bistro next door to that. It’s like some snapshot of Britain’s restless mid-market restaurant sector, each outlet huddling here for a little reflected warmth from the others.</p> <a href="https://www.theguardian.com/lifeandstyle/2017/mar/19/the-peach-tree-and-the-momo-no-ki-shrewsbury-restaurant-review">Continue reading...</a>nullhttps://www.theguardian.com/lifeandstyle/2017/mar/19/the-peach-tree-and-the-momo-no-ki-shrewsbury-restaurant-reviewnull, Christian Eriksen and Dele Alli hand Spurs victory over Southamptonnull<p>The Premier League title has begun to feel like a pipe dream for Tottenham Hotspur, given the majestic form of Chelsea, but they continue to suggest that they will finish as the best of the rest.</p><p>This was a 13th consecutive win at White Hart Lane in all competitions, with 10 of them having come in the league and if it was underpinned by angst in the second half, as Southampton mounted a stirring comeback, they still got the job done.</p> <a href="https://www.theguardian.com/football/2017/mar/19/tottenham-hotspur-southampton-premier-league-match-report">Continue reading...</a>nullhttps://www.theguardian.com/football/2017/mar/19/tottenham-hotspur-southampton-premier-league-match-reportnull, Bravo England on 18 in a row but Cyprus beat rats, kicks and punches for 24 | Simon BurntonnullEngland may have felt aggrieved at missing out on topping New Zealand’s 18 consecutive wins, but they would still have been five behind the mighty Mouflons<p>The report on the official website of the Cyprus Rugby Federation of the team’s resounding victory over Azerbaijan in 2008 makes for interesting reading. Among the indignities endured by the travelling team in Baku were “two hours at immigration awaiting entry visas, four hours’ sleep, poor accommodation and no real food”, singing their anthem “to the bemusement of the opposition”, who didn’t bother with their own, their flanker having “his cheekbone smashed by a stray elbow” – “his assailant went unnoticed”, it is noted, while the victim “will require surgery to correct his smashed face” – and “a cowardly attack” on one of their props that “saw him being kicked, punched and pushed”. In the accompanying photograph the team is pictured upon a field that boasts only a passing acquaintance with grass.</p><p> <span>Related: </span><a href="https://www.theguardian.com/sport/2017/mar/18/ireland-england-six-nations-championship-eddie-jones">Eddie Jones: ‘We were just not good enough – we still have a lot to do’</a> </p> <a href="https://www.theguardian.com/sport/blog/2017/mar/19/england-new-zealand-cyprus-rugby-world-record">Continue reading...</a>nullhttps://www.theguardian.com/sport/blog/2017/mar/19/england-new-zealand-cyprus-rugby-world-recordnull, Manchester United’s José Mourinho refuses to discuss Middlesbrough spatnull• Boro’s Rudy Gestede clashes with Eric Bailly in tunnel after United win<br />• Mourinho denies exchanging harsh words with Stewart Downing<p>José Mourinho refused to answer questions about an unseemly altercation in the tunnel at the Riverside following a bad-tempered end to Manchester United’s 3-1 win at Middlesbrough.</p><p>Stewards were called to separate the warring players as a spat between Middlesbrough’s Rudy Gestede and United’s Eric Bailly continued beyond the final whistle with a bout of push and shove.</p> <a href="https://www.theguardian.com/football/2017/mar/19/manchester-united-jose-mourinho-middlesbrough-spat">Continue reading...</a>nullhttps://www.theguardian.com/football/2017/mar/19/manchester-united-jose-mourinho-middlesbrough-spatnull, Cesare Prandelli: I said no to Leicester over treatment of Claudio Ranierinull• Former Italy head coach claims club contacted him after Ranieri’s sacking<br />• Prandelli: ‘You don’t go there after seeing how Ranieri was treated’<p>Former Italy head coach Cesare Prandelli has claimed that he turned down an approach from Leicester City to discuss taking over as manager “after seeing how [Claudio] Ranieri was treated.”</p><p>Asked if Leicester had approached him in an interview on French television channel <a href="http://rmcsport.bfmtv.com/football/leicester-prandelli-a-dit-non-apres-avoir-vu-comment-ranieri-a-ete-traite-1124720.html" title="">SFR Sport</a>, Prandelli replied “I immediately said no”.</p> <a href="https://www.theguardian.com/football/2017/mar/19/cesare-prandelli-leicester-treated-claudio-ranieri">Continue reading...</a>nullhttps://www.theguardian.com/football/2017/mar/19/cesare-prandelli-leicester-treated-claudio-ranierinull, New Zealand media on England loss: ‘Stuffed plastic bags in need of a trolley’nullThe two sides’ winning record battle has ended in a draw, but the reaction to England’s defeat has turned up the heat on this rivalry, with some claiming it is in fact Ireland that are New Zealand’s closest challengers<p>Eddie Jones has a habit of being at his most honest straight after matches. After England’s victory over Italy <a href="https://www.theguardian.com/sport/2017/feb/26/england-suggest-italys-no-ruck-innovation-could-kill-rugby-union" title="">he was not playing ball</a> but a better example was when, after beating Wales, he made his true feelings known about the <a href="https://www.theguardian.com/sport/2017/feb/11/eddie-jones-england-wales-six-nations" title="">Principality Stadium roof controversy</a>, saying rugby union is “a winter sport.”</p><p>Jones is also always at pains to protect his players so when he talked on Saturday evening of <a href="https://www.theguardian.com/sport/2017/mar/18/ireland-england-six-nations-championship-eddie-jones" title="">how keen England were to face New Zealand</a> later this year, it felt like an obvious way to deflect from being outfought and out-thought by Ireland – even though there was no doubt some truth in it.</p> <a href="https://www.theguardian.com/sport/2017/mar/19/new-zealand-media-react-england-loss-ireland">Continue reading...</a>nullhttps://www.theguardian.com/sport/2017/mar/19/new-zealand-media-react-england-loss-irelandnull, France’s prevailing dark arts against Wales offer rugby bloodgate reminder | Michael AylwinnullFrance engineered victory in Paris but at what price when considering the livid bite mark on the left arm of Wales’ George North<p>We could have another bloodgate on our hands. Whether you believe Dean Richards’s misdemeanour was the vilest crime perpetrated against a trusting world or just another storm in a teacup, the fact is it came with a three-year ban - and there is little to distinguish it from the manoeuvre France appear to have engineered in Paris. What’s more, unlike Harlequins’ fast one, France’s worked. In the most dramatic of circumstances.</p><p>Camille Chat’s try, at the end of the 100th minute of a game that seemed as if it would never end, <a href="https://www.theguardian.com/sport/2017/mar/18/france-wales-six-nations-match-report">secured France the win that clinches their first finish in the top three of the Six Nations since 2011.</a> But the method by which they secured it is sure to attract the attention of the folk with access-all-areas badges. And then there’s the livid bite mark on the left arm of George North. That’s sure to be investigated too.</p> <a href="https://www.theguardian.com/sport/blog/2017/mar/19/france-prevail-wales-dark-arts-bloodgate-reminder-guy-noves-george-north">Continue reading...</a>nullhttps://www.theguardian.com/sport/blog/2017/mar/19/france-prevail-wales-dark-arts-bloodgate-reminder-guy-noves-george-northnull, Toto Wolff: 'Hamilton and Rosberg was more intense than we thought beneficial'null<p>While Lewis Hamilton and his F1 team appear closer than ever, the Mercedes executive director accepts ‘the way the best ones are calibrated can cause bumps on the way’</p><p>“Still I Rise” is the motto Lewis Hamilton wears proudly tattooed on his back and emblazoned across his helmet. Inspiration for resilience in adversity adopted from Maya Angelou’s poem via Tupac Shakur that he had good reason to look to last year when, in the wake of consecutive Formula One world championships, an emotional and mental rollercoaster of a season left him <a href="https://www.theguardian.com/sport/2016/nov/27/nico-rosberg-seals-first-f1-world-title-at-abu-dhabi-grand-prix" title="">ultimately beaten by his team-mate, Nico Rosberg</a>. Worse still, by the close, the title gone, his fractured relationship with his former friend extended to the team. The formidable partnership forged over four years between the Briton and Mercedes was probably at its lowest ebb.</p><p> <span>Related: </span><a href="https://www.theguardian.com/sport/2017/mar/18/ross-brawn-whats-new-f1-2017">More Brawn, less braking and dramatic corners: what’s new for F1 in 2017?</a> </p> <a href="https://www.theguardian.com/sport/blog/2017/mar/19/mercedes-toto-wolff-best-drivers-not-all-easy-makes-them-best-lewis-hamilton-f1">Continue reading...</a>nullhttps://www.theguardian.com/sport/blog/2017/mar/19/mercedes-toto-wolff-best-drivers-not-all-easy-makes-them-best-lewis-hamilton-f1null, Where will the goals come from in Gareth Southgate’s England? | Jacob SteinbergnullHarry Kane’s ankle injury has exposed an England weakness, with only three forwards in the squad for the games against Germany and Lithuania<p>When <a href="https://www.theguardian.com/football/2016/mar/26/germany-england-international-friendly-match-report" title="">England beat Germany</a> in Berlin last March, talk of the emergence of a generation of strikers who could carry them to glory at Euro 2016 did not feel entirely outlandish. Danny Welbeck caused problems with his pace and movement, Harry Kane pulled off a Cruyff turn before his goal and Jamie Vardy scored with a brilliant flick four minutes after coming off the bench. Roy Hodgson had an embarrassment of riches up front. Wayne Rooney was still to return from injury, Daniel Sturridge was fit at last and Marcus Rashford was shooting to prominence at Manchester United.</p><p>Reality soon gave that optimism a good shoeing, of course, and <a href="https://www.theguardian.com/football/2016/jun/27/england-iceland-euro-2016-match-report" title="">England lost to Iceland</a> in the last 16 in France. Hodgson’s forwards managed a combined total of three goals in four games. Kane took a lot of bad corners but he was still the future. He has scored 24 goals for Tottenham this season.</p> <a href="https://www.theguardian.com/football/blog/2017/mar/19/gareth-southgate-england-goals">Continue reading...</a>nullhttps://www.theguardian.com/football/blog/2017/mar/19/gareth-southgate-england-goalsnull, England finishers hit endgame against Ireland’s unyielding Johnny Sexton | Andy BullnullPower, pace and skill desert Eddie Jones’s team in the Six Nations finale as Ireland rediscover the intensity that halted the All Blacks’ winning streak late last year<p>The ceremony was bittersweet, the trophy heavy, England’s smiles thin and unconvincing. They won the title with a defeat, their first in a year, five months and 16 days. Their last loss was to Australia at Twickenham in October 2015. So it was an unfamiliar feeling and, judging by they way they looked and the words they spoke, the players did not find it had improved too much in the time since they last experienced it. For a chunk of the team it was a new sensation. Maro Itoje, Ben Te’o, Elliot Daly, Kyle Sinckler and Nathan Hughes have won 44 caps between them but this was still the first time they had lost an international match.</p><p>One had to wonder how Eddie Jones was going to spin it. It turned out he was a lot more gracious in defeat than he had been when his team beat Italy at Twickenham a few weeks back. “You have these days,” Jones said. “Ireland played superbly. They were too good for us.”</p> <a href="https://www.theguardian.com/sport/blog/2017/mar/18/england-finishers-ireland-unyielding-johnny-sexton-rugby-union">Continue reading...</a>nullhttps://www.theguardian.com/sport/blog/2017/mar/18/england-finishers-ireland-unyielding-johnny-sexton-rugby-unionnull, Batman begins: meet Haseeb Hameed, English cricket’s rising starnull<p>It has taken a father’s obsession and a brother’s sacrifice to create the brightest cricketing prospect England has seen in years. Tim Lewis meets ‘Baby Boycott’</p><p>As the <em>Observer</em>’s photographer, Murdo, is about to take his first picture, <a href="https://www.theguardian.com/sport/haseeb-hameed">Haseeb Hameed </a>moves a step to the side, like he might do on the cricket field to interrupt the run-up of a bowler while he readies himself. “Hang on,” he says, before standing on one leg, hopping for balance. He removes first one sock, then the other and slips his bare feet back into his loafers. Hameed continues: “It was cold when I put them on this morning.”</p><p>It’s still pretty chilly for bare ankles now, to be fair, as we stand on a terraced street in south Bolton in mid-January. Murdo, as Scottish as shortbread, looks on approvingly. “You’re a hard man,” he says, before clicking the shutter.</p> <a href="https://www.theguardian.com/sport/2017/mar/19/batman-begins-meet-haseeb-hameed-english-crickets-rising-star">Continue reading...</a>nullhttps://www.theguardian.com/sport/2017/mar/19/batman-begins-meet-haseeb-hameed-english-crickets-rising-starnull, Doc Rivers: Cavaliers' decision to rest LeBron James and co was 'not cool'null<p>LeBron James, Kyrie Irving and Kevin Love took a seat for the game against the Clippers at the Staples Center – and the Clippers ran out easy winners</p><p>Clippers head coach Doc Rivers said the Cavaliers’ decision to rest LeBron James, Kyrie Irving and Kevin Love for the big Saturday night game against the Clippers was “not cool”, while ABC analyst Jeff Van Gundy was a little less measured, calling it a “prosecutable offence”.</p><p> <span>Related: </span><a href="https://www.theguardian.com/sport/2017/mar/18/miami-heat-nba-hot-form-streak">How the Heat got hot: the secrets to Miami's incredible turnaround</a> </p> <a href="https://www.theguardian.com/sport/2017/mar/19/doc-rivers-cavaliers-big-three-lebron-james-nba">Continue reading...</a>nullhttps://www.theguardian.com/sport/2017/mar/19/doc-rivers-cavaliers-big-three-lebron-james-nbanull, Racing 92 president Jacky Lorenzetti says Stade Français merger is offnull• Merger plans had been met with fierce criticism<br />• ‘I have decided to give the beautiful project up,’ says Lorenzetti<p>A planned merger between the Parisian rugby powerhouses Racing&nbsp;92 and Stade Français looks set to be cancelled amid strong opposition, the Racing&nbsp;92 president, Jacky Lorenzetti, said on Sunday.</p><p> <span>Related: </span><a href="https://www.theguardian.com/sport/2017/mar/18/wales-rob-howley-accuses-france-six-nations">Wales coach Rob Howley accuses France of ‘undermining game’s integrity’</a> </p> <a href="https://www.theguardian.com/sport/2017/mar/19/racing-92-stade-francais-merger-off-jacky-lorenzetti-rugby-union-france-paris">Continue reading...</a>nullhttps://www.theguardian.com/sport/2017/mar/19/racing-92-stade-francais-merger-off-jacky-lorenzetti-rugby-union-france-parisnull, Wales coach Rob Howley accuses France of ‘undermining game’s integrity’null• Rob Howley angry over replacement of Uini Atonio for alleged head injury<br />• Wales’s George North left with bite marks on arm after Six Nations match<p>The fallout from the extraordinary climax to <a href="https://www.theguardian.com/sport/2017/mar/18/france-wales-six-nations-match-report">France’s victory over Wales</a> – secured 20 minutes after the 80 were up – looks set to run. Rob Howley, Wales’s coach, has accused the French of undermining the integrity of the game. He cited, as well, a distinct bite mark on the left arm of George North as further evidence of malpractice in those climactic final minutes.</p><p>Wales were facing a series of scrums on their five-metre line, defending a five-point lead, when France brought back on their best scrummager, Rabah Slimani, so that Uini Atonio might go for an alleged head injury assessment. Howley believes it was a tactical switch, which is against the laws of the game.</p> <a href="https://www.theguardian.com/sport/2017/mar/18/wales-rob-howley-accuses-france-six-nations">Continue reading...</a>nullhttps://www.theguardian.com/sport/2017/mar/18/wales-rob-howley-accuses-france-six-nationsnull, France stun Wales by snatching win amid 100th-minute madnessnull• France 20-18 Wales<br />• Six Nations game lasts almost 100 minutes after astonishing last play<p>Extraordinary scenes. This was the sort of game to enrage the French but notice of their revival has been served by the manner in which <a href="https://www.theguardian.com/sport/live/2017/mar/18/france-v-wales-six-nations-live" title="">they found a way to win</a>, while chaos and insanity reigned. A full 20 minutes after the 80 minutes was up, they finally barged their way to victory with a try by Camille Chat, the conversion of which clinched France’s third victory of the tournament.</p><p> <span>Related: </span><a href="https://www.theguardian.com/sport/2017/mar/18/ireland-england-six-nations-match-report">England pursuit of grand slam and record foiled by defiant Ireland</a> </p> <a href="https://www.theguardian.com/sport/2017/mar/18/france-wales-six-nations-match-report">Continue reading...</a>nullhttps://www.theguardian.com/sport/2017/mar/18/france-wales-six-nations-match-reportnull, Dustin Johnson grows into No1 role and sets sights on WGC Match PlaynullAmerican hopes to follow victories in Genesis Open and WGC Mexico Championship with another this week in Austin<p>Dustin Johnson is chasing a treble that would once have looked impossible for one of the great underachievers of this age. Building on last year’s maiden major he has risen to world No1 and is now threatening to develop a stranglehold on the top of the rankings.</p><p><a href="https://www.theguardian.com/sport/2017/feb/20/dustin-johnson-takes-place-of-jason-day-as-golfs-world-no1-after-win-in-la" title="">Johnson’s success at the Genesis Open</a> in the middle of last month catapulted him to the summit for the first time. At 32, given the widespread and legitimate view that Johnson is the most naturally gifted American player of his generation, the undertone related to his earlier struggles in matching expectation with outcome.</p> <a href="https://www.theguardian.com/sport/2017/mar/19/dustin-johnson-wgc-match-play">Continue reading...</a>nullhttps://www.theguardian.com/sport/2017/mar/19/dustin-johnson-wgc-match-playnull, Arsène Wenger says ‘you will soon know’ of decision on his Arsenal futurenull• Fans chartered plane over The Hawthorns trailing ‘Wenger Out’ banner<br />• Arsenal’s defeat by West Brom is fourth in last five Premier League games<p>Arsène Wenger now claims he has made a decision on his future but that he has yet to communicate his intentions to anyone else at Arsenal.</p><p>“You will soon know,” he said teasingly, <a href="https://www.theguardian.com/football/2017/mar/18/west-bromwich-albion-arsenal-premier-league-match-report" title="">after a 3-1 defeat to West Bromwich Albion at The Hawthorns</a> saw his team lose further ground in the battle to finish in the top four. How soon? “Very soon, but I’m not necessarily worried about my future right now, when we are in a unique bad patch where we haven’t been for 20 years.”</p> <a href="https://www.theguardian.com/football/2017/mar/18/arsene-wenger-future-arsenal-west-brom">Continue reading...</a>nullhttps://www.theguardian.com/football/2017/mar/18/arsene-wenger-future-arsenal-west-bromnull, Australia under pressure after India dominate day four of third Testnull<ul><li><a href="https://www.theguardian.com/sport/cricket/match/2017-03-19/australia-cricket-team">Scoreboard: Australia 451 &amp; 23-2; India 603-9 dec</a></li><li>Australia lose David Warner and Nathan Lyon cheaply before close of play</li></ul><p>Cheteshwar Pujara compiled an epic double century and Wriddhiman Saha complimented with a career-best 117 to deflate Australia and put India in a strong position on the fourth day of the third Test on Sunday. </p><p>After India declared their first innings on 603 for nine, Ravindra Jadeja bowled David Warner and nightwatchman Nathan Lyon cheaply in successive overs to reduce Australia to 23-2. Matt Renshaw was batting on seven at stumps with Australia still 129 runs behind and under considerable pressure to save the match.</p> <a href="https://www.theguardian.com/sport/2017/mar/19/australia-under-pressure-after-india-dominate-day-four-of-third-test">Continue reading...</a>nullhttps://www.theguardian.com/sport/2017/mar/19/australia-under-pressure-after-india-dominate-day-four-of-third-testnull, Said & Done: ‘I’m carrying on with my career, dude. I’m starting over’null<p> Also featuring: Ahmad Ahmad, Yaya Touré, and the Teddy Bear Stadium </p><p> <strong>Rone Moraes da Costa</strong> – president of Brazil’s Boa Esporte – “unmoved” by local authority threats to withdraw funding after <a href="https://www.theguardian.com/world/2017/mar/13/brazil-football-bruno-fernandes-de-souza-murder-girlfriend">he signed early-release murderer Bruno</a>. Da Costa: “If this city doesn’t like it, I move us to another city. Bruno deserves this chance.”</p> <a href="https://www.theguardian.com/football/2017/mar/19/said-and-done-football-diary-bruno-ahmad-africa-fifa">Continue reading...</a>nullhttps://www.theguardian.com/football/2017/mar/19/said-and-done-football-diary-bruno-ahmad-africa-fifanull, Gennady Golovkin's knockout streak ended in narrow win over Daniel Jacobsnull<ul><li>Golovkin wins narrowly on all three judges’ cards</li><li>Kazakh extended distance for first time since 2008</li><li><a href="https://www.theguardian.com/sport/live/2017/mar/18/ggg-gennady-golovkin-danny-jacobs-fight-live">Gennady Golovkin v Daniel Jacobs – as it happened</a></li></ul><p>Gennady Golovkin is still the world middleweight champion after Saturday’s unanimous-decision win over the brave Daniel Jacobs before a near-capacity crowd at Madison Square Garden, but the charismatic Kazakh knockout artist betrayed rare glimpses of vulnerability that will no doubt embolden his challengers in and around the 160lb division.</p><p>Two ringside judges handed down scores of 115-112, the third an even more narrow 114-113. (The Guardian had it 115-112.) </p> <a href="https://www.theguardian.com/sport/2017/mar/19/ggg-gennady-golovkin-danny-jacobs-fight-report">Continue reading...</a>nullhttps://www.theguardian.com/sport/2017/mar/19/ggg-gennady-golovkin-danny-jacobs-fight-reportnull, I feel sorry for the people of Tatton – I hear their MP is just too busy to care | Jess PhillipsnullThe Labour MP has castigated George Osborne for his banking role – but now he’s landed yet another job<p>I actually don’t know where to begin writing about George Osborne becoming <a href="https://www.theguardian.com/politics/2017/mar/17/george-osborne-named-new-evening-standard-editor-newspaper" title="">the editor of the London<em> Evening Standard</em></a>. So bizarre is the latest from the once likely heir to No 10 that people will, for years to come, speak of where they were when they heard the news. It happened on Friday so, naturally, like all good MPs, I was sitting in my constituency office, working. The annoying BBC “news just in” jingle rang out on a number of devices. My colleague, John, peered over his computer screen and relayed the news: “George Osborne is the new editor of the <em>Evening Standard</em>.” We locked eyes as I attempted to make sense of the information. I couldn’t. Several seconds passed. I managed to splutter: “What?” “You heard,” he replied, dead-eyed. Still more seconds passed as my brain ran through the databank of possible responses, finally landing, after what seemed like a lifetime, on “WTF”.</p><p>I think this news might be my kryptonite. There is so much wrong with it I don’t know where to start. I don’t credit Osborne with having great judgment but why he thought this was a good idea is worse than bad judgment. Maybe it’s a guilty pleasure, like a Jean-Claude Van Damme film about kickboxing in an underground car park – so bad it is actually good. I’ve yet to find the ironic gag.</p> <a href="https://www.theguardian.com/commentisfree/2017/mar/19/george-osborne-editor-evening-standard-constituents">Continue reading...</a>nullhttps://www.theguardian.com/commentisfree/2017/mar/19/george-osborne-editor-evening-standard-constituentsnull, Dabbing makes politicians look like a stunned circus bear | Stuart Heritagenull<p>Any idiot could do this dance move. Most already have. That’s why it’s best left to the kids</p><p>I am a simple man of simple tastes. I don’t want much from life. I’d like to remain healthy. I’d like to be happy. But, more than anything, I’d give everything I’ve got to never see another politician dab again as long as I live.</p><p>“But, Stu,” some of you will be asking, what is dabbing, exactly?” The fact that you even asked this means that you are a good and true person of sensible persuasion, and that we can be friends. Dabbing – you sweet, beautiful, uninitiated fool – is a dance move where you simultaneously point diagonally above you with both arms while hiding your head in the crook of your elbow. Imagine if Usain Bolt, in the midst of celebrating another world record, suddenly clocked a spooky ghost that he wanted to hide from. In a nutshell, that is dabbing.</p> <a href="https://www.theguardian.com/commentisfree/2017/mar/19/dabbing-makes-politicians-look-like-stunned-circus-bear">Continue reading...</a>nullhttps://www.theguardian.com/commentisfree/2017/mar/19/dabbing-makes-politicians-look-like-stunned-circus-bearnull, Brexit Britain is suddenly debating trade – but it's the wrong talking point | Larry Elliottnull<p>Brexit and article 50 has us all talking tariffs and quotas, but it is the less obvious stuff such as EU standards that will be decisive</p><p>Brexit has turned Britain into a nation of trade nerds. In the past nine months, trade has gone from being too boring to mention into a subject about which everybody has a view. Those who eyes would once have glazed over at the mention of bound tariffs or trade facilitation agreements can now wax lyrical about what it would mean for Britain if it had to rely on <a href="https://www.theguardian.com/world/wto">World Trade Organistion </a>rules after it leaves the EU.</p><p>The new sexiness of trade was illustrated last week when the former head of the WTO made a speech at the Institute for Government in London. <a href="https://www.theguardian.com/profile/pascal-lamy">Pascal Lamy</a> spent some of the best years of his life struggling to polish off the <a href="https://www.theguardian.com/global-development/2012/sep/03/doha-round-trade-talks-explainer">Doha round </a>of trade liberalisation and an overspill room was needed to hear what he had to say about Britain’s likely post-Brexit deal.</p> <a href="https://www.theguardian.com/business/economics-blog/2017/mar/19/brexit-britain-talking-trade-deal-eu-wrong-talking-point">Continue reading...</a>nullhttps://www.theguardian.com/business/economics-blog/2017/mar/19/brexit-britain-talking-trade-deal-eu-wrong-talking-pointnull, Don’t tell me you weren’t warned about Corbyn | Nick CohennullJeremy Corbyn is going to bury the Labour party. If you don’t want that, do something<p>As supporters of Jeremy Corbyn read the <em>Observer</em>, could the rest of you talk among yourselves while I speak to them directly?</p><p>You should know there is a faint chance Theresa May will call an early election. She says she doesn’t want to, and it would be difficult to arrange. But May also said she didn’t want Britain to leave the European Union, and look where we are now. Perhaps Channel 4’s exemplary <a href="https://www.channel4.com/news/election-expenses-new-emails-show-more-members-of-pms-top-team-involved">investigation into Tory campaign expenses </a>will force so many byelections, May will think, “What the hell, let’s go the whole hog.” Perhaps she will say she is an unelected prime minister who needs a personal mandate to govern and a political mandate for her version of Brexit.</p> <a href="https://www.theguardian.com/commentisfree/2017/mar/19/jeremy-corbyn-labour-threat-party-election-support">Continue reading...</a>nullhttps://www.theguardian.com/commentisfree/2017/mar/19/jeremy-corbyn-labour-threat-party-election-supportnull, Choose my own Netflix adventure? No thanks | David Mitchellnull<p>The online streaming service plans to put viewers in control of TV storylines. Yes, see how they like it…</p><p>Apparently some people are capable of lucid dreaming. In a dream, they can control what’s going on – direct the actions of themselves and others in ways that please, excite, arouse or interest them. That would be my worst nightmare. Worse than my worst nightmare to date which, though terrifying, was at least not of my own conscious (while unconscious) invention.</p><p>People like stories. Not as much as food or shelter, but a lot. And a good story hinges on what happens next</p> <a href="https://www.theguardian.com/commentisfree/2017/mar/19/david-mitchell-someone-else-decide-thats-final-netflix-viewers-in-control-storylines">Continue reading...</a>nullhttps://www.theguardian.com/commentisfree/2017/mar/19/david-mitchell-someone-else-decide-thats-final-netflix-viewers-in-control-storylinesnull, ‘Good’ populism beat ‘bad’ in Dutch electionnullAuthoritarianism and nativism were the real winners in Netherlands poll<p>If we are to believe the international media, last week the brave Dutch electorate <a href="https://www.theguardian.com/world/2017/mar/16/europes-governments-signal-relief-as-dutch-election-defeats-far-right" title="">defeated populism</a> by denying the bid by the Party for Freedom (PVV) of “the Dutch Trump”, Geert Wilders, to become the biggest party in parliament. Whether this is just a Dutch phenomenon, or whether populism more widely has peaked, seems to be the new topic of speculation – although some commentators simply shifted their gaze to Paris to apply the same analysis to the upcoming French presidential elections.</p><p>The Dutch elections were never about the defeat or victory of populism. Polls have shown for years that the biggest party in the country – be it the PVV or the conservative People’s Party for Freedom and Democracy (VVD) of the prime minister, Mark Rutte – would at best get a quarter of the votes, probably many fewer, and have to start the arduous process of building a coalition government of four to five parties. Even if the PVV were included in this coalition– though all other relevant parties had discounted this possibility – it would be the only populist party in government. Hardly a victory for the phenomenon.</p> <a href="https://www.theguardian.com/world/2017/mar/19/dutch-election-rutte-wilders-good-populism-bad-">Continue reading...</a>nullhttps://www.theguardian.com/world/2017/mar/19/dutch-election-rutte-wilders-good-populism-bad-null, Facebook and Twitter could pay the price for hate speech | John NaughtonnullGermany’s proposal to fine social media companies for failing to remove illegal content is a significant moment in democracy’s battle with digital giants<p>The German government has published a <a href="http://www.politico.eu/article/germany-unveils-law-with-big-fines-for-hate-speech-on-social-media/" title="">draft law that will impose huge fines</a> (up to €50m) on&nbsp;social networks that fail promptly to remove hate speech, fake news and other undesirable content from their platforms. Social media companies will be required to explain rules&nbsp;and complaint procedures clearly to users and follow up on each complaint. Content that is blatantly illegal must be taken down within 24 hours, while other law-breaking content must be taken down or blocked within seven days.</p><p>Said companies complain that this is yet another example of anti-American lobbying by Europe</p> <a href="https://www.theguardian.com/commentisfree/2017/mar/19/john-naughton-germany-fine-social-media-sites-facebook-twitter-hate-speech">Continue reading...</a>nullhttps://www.theguardian.com/commentisfree/2017/mar/19/john-naughton-germany-fine-social-media-sites-facebook-twitter-hate-speechnull, Schoolma’am May has offered a gift to Nicola Sturgeon | Kevin McKennanullThe call for a second referendum has been triggered by the high-handed and disdainful attitude of the UK government<p>The uninitiated, on first encountering an SNP conference, might think that they were already stepping on to independent turf and that only the flourish of a civil servant’s pen was required to make it official. After two or three days of being held in the embrace of such boundless optimism you sometimes find yourself desperately seeking a dose of misery just to feel normal and Scottish once more; a Pink Floyd album perhaps, or a video of Great Scotland World Cup disasters.</p><p>Yet, courtesy of Theresa May’s <a href="https://www.theguardian.com/politics/2017/mar/16/theresa-may-rejects-nicola-sturgeons-scottish-referendum-demand" title="">constitutional intervention</a>, the waves of optimism washing over SNP delegates at the party’s conference in Aberdeen this weekend were turned into something approaching certainty. In stating her refusal to sanction a second referendum the day after Nicola Sturgeon had finally expressed her intention to seek one, the prime minister gave the SNP a gift.</p> <a href="https://www.theguardian.com/commentisfree/2017/mar/19/theresa-may-triggered-call-second-scottish-referendum-independence">Continue reading...</a>nullhttps://www.theguardian.com/commentisfree/2017/mar/19/theresa-may-triggered-call-second-scottish-referendum-independencenull, Facebook needs news. So why shouldn’t it pay for it?nullAdvertising is falling. Paywalls push readers away. But a big endowment from the tech moguls, to be shared among all papers, could work in everyone’s interests<p>One basic truth is stark enough as newsrooms around Britain – and around the world – contract or close. The advertising money that used to underpin journalism isn’t there any longer. It is going, going, gone … into the maw of the internet in general, but Facebook and Google in particular. And without that revenue, journalism itself is at risk.</p><p>Two expert writers in the current <em>Stanford Social Innovation Review</em> <a href="https://ssir.org/articles/entry/the_civic_media_crisis_and_what_philanthropy_can_do" title="">sum up the whole problem</a> of the last 20 media years in a single paragraph: “1) A radically diminished funding base for print media, 2) increasingly fragmented audiences, 3) an accelerating pattern of random and instantaneous digital dissemination of information, 4) video’s increasing displacement of the written and spoken word, and 5) diminishing amounts and lower quality of civic education, and related declines in knowledge of public affairs.”</p> <a href="https://www.theguardian.com/media/2017/mar/19/facebook-needs-news-why-shouldnt-it-pay-for-it-endowment">Continue reading...</a>nullhttps://www.theguardian.com/media/2017/mar/19/facebook-needs-news-why-shouldnt-it-pay-for-it-endowmentnull, Unilever is safe, but we need better defences against short-term capitalismnullA £115bn bid from US predator Kraft Heinz was successfully fended off. But the prime minister must see that things could have gone very differently<p>The best defence against a bid is a high share price. So congratulations to Unilever, whose shares have improved by 20% since the day before <a href="https://www.theguardian.com/business/2017/feb/20/how-unilever-foiled-kraft-heinzs-115m-takeover-bid-warren-buffett" title="">Kraft Heinz turned up offering to buy the maker of Hellmann’s mayonnaise and Magnum ice-creams</a>.</p><p>In the event, Unilever blew Kraft Heinz’s £115bn proposal out of the water within 48 hours. Fury from the boardroom, plus Kraft’s belated realisation that it was walking into a storm, did the trick. But Unilever has wasted little time in moving to protect itself better. It has pledged to “capture more quickly the value we see” – which usually means running the business harder and ensuring the backdoor is not left ajar for opportunistic bidders.</p> <a href="https://www.theguardian.com/business/2017/mar/18/unilever-is-safe-but-we-need-better-defences-against-short-term-capitalism">Continue reading...</a>nullhttps://www.theguardian.com/business/2017/mar/18/unilever-is-safe-but-we-need-better-defences-against-short-term-capitalismnull, Ed Sheeran? A busking Furby at Glastonbury is so not rock’n’roll | Barbara EllennullHow worrying that Ed Sheeran’s headline slot at Glastonbury has been greeted with little more than a shrug<p>So where’s the fury about Ed Sheeran <a href="https://www.theguardian.com/music/2017/mar/16/ed-sheeran-headline-sunday-night-glastonbury-2017" title="">headlining on the Sunday night</a> at this year’s Glastonbury? Where’s the righteous uproar that someone imbued with all the authentic rock’n’roll brio of a busking Furby is going to be the last man standing, serenading the crowds at the self-styled most important music festival in the world?</p><p>I’m not a fan of Glastonbury: too many wimps pretending to be wild, too many dullards pretending to be interesting, too many Portaloos pretending to be sanitary. Take away the mud and the hype and it’s clear that Glastonbury has evolved into part-nightmarish car boot sale of cultural mores, part-adult creche for tiring faux-bohemian poseurs who think that hiring a yurt for the weekend makes them the new Timothy Leary.</p> <a href="https://www.theguardian.com/commentisfree/2017/mar/19/ed-sheeran-headline-slot-glastonbury">Continue reading...</a>nullhttps://www.theguardian.com/commentisfree/2017/mar/19/ed-sheeran-headline-slot-glastonburynull, The demons that haunt Theresa May's dreams – cartoonnull<p>Chris Riddell on the mounting pressures facing the prime minister</p> <a href="https://www.theguardian.com/commentisfree/picture/2017/mar/19/the-demons-that-haunt-theresa-mays-dreams-cartoon">Continue reading...</a>nullhttps://www.theguardian.com/commentisfree/picture/2017/mar/19/the-demons-that-haunt-theresa-mays-dreams-cartoonnull, Hell is other people taking selfies on the seabed | Alex ClarknullIt’s not the price that puts me off exploring the Titanic. Rather, it’s the knowledge that I won’t be alone<p>Do you have £86,000? Great, give it to me, I’ll round up eight more hedge funders, flood my garden shed and play the music from <em>The</em> <em>Undersea World of Jacques Cousteau</em>. If we coincide it with an important ceremony we may even get Prince William on board. What? You wanted to go to Newfoundland and see the <em>real </em>Titanic? Oh, I’m sorry, some oligarchs got there before you. Tell you what, I’ll do it for sixty grand, but it’ll be lumpfish instead of caviar and I want no more whining.</p><p>Is the world now filled with people muttering some version of “next year, Rodney, we’ll be millionaires”? You’d be forgiven for thinking so from recent headlines, most notably bringing us news of the compact submersible that takes you down to the floor of the Atlantic to inspect the world’s most famous shipwreck, and Elon Musk’s <a href="http://www.spacex.com/" title="">SpaceX</a>, apparently preparing to fly private passengers around the Moon.</p> <a href="https://www.theguardian.com/commentisfree/2017/mar/19/titanic-trip-atlantic-elon-musk-hell-other-people">Continue reading...</a>nullhttps://www.theguardian.com/commentisfree/2017/mar/19/titanic-trip-atlantic-elon-musk-hell-other-peoplenull, Nicola Sturgeon and Theresa May hurtle through the looking glass | Andrew RawnsleynullPro-Brexit unionists and Scottish nationalists match each other with the illogicality of their arguments<p>Whatever David Cameron does with the rest of his life, I recommend that he does not pursue a career as a futurologist. On the morning after the referendum on Scottish independence, the then prime minister <a href="https://www.theguardian.com/politics/2014/sep/19/scottish-referendum-david-cameron-devolution-revolution">stood outside Number 10</a> confidently proclaiming that Scotland’s position in the United Kingdom had been secured “for a generation”. Some of us said at the time that this declaration ought to be taken with a truckload of salt. Evidence from elsewhere – Quebec being a notable example – indicated that it would take two votes before it was ultimately settled one way or another. And we didn’t know then how many forces would conspire to make it even likelier that the Scots would have another on independence.</p><p> <span>Related: </span><a href="https://www.theguardian.com/politics/2017/mar/18/nicola-sturgeon-referendum-attack-theresa-may">Sturgeon’s warning to May: obstruct second referendum at your peril</a> </p> <a href="https://www.theguardian.com/commentisfree/2017/mar/19/may-sturgeon-pro-brexit-unionists-scottish-nationalists-illogical-arguments">Continue reading...</a>nullhttps://www.theguardian.com/commentisfree/2017/mar/19/may-sturgeon-pro-brexit-unionists-scottish-nationalists-illogical-argumentsnull, Empire 2.0 is dangerous nostalgia for something that never existed | David OlusoganullHopes that post-Brexit Britain can boost Commonwealth trade is ill-founded. Those countries have moved on<p>When Lord North, prime minister at the time of the American revolution, received the news that British forces had lost the war, and with it the American colonies, he was reported to have been physically struck by the magnitude of the news, as if hit by a musket ball. “Oh God, it’s all over,” he wrote in his diary.</p><p>The loss of the American colonies was the first time the process of British empire building had been put significantly into reverse, and became the starting point for a nostalgic yearning for lost colonies – and the wealth and global influence that came with them – that has become part of our national psyche. Even the building of a second British empire in the 19th century never fully healed the wound of losing America, and the end of Britain’s imperial prestige after the second world war has cut deeper.</p> <a href="https://www.theguardian.com/commentisfree/2017/mar/19/empire-20-is-dangerous-nostalgia-for-something-that-never-existed">Continue reading...</a>nullhttps://www.theguardian.com/commentisfree/2017/mar/19/empire-20-is-dangerous-nostalgia-for-something-that-never-existednull, Unilever bids to heal shareholder rift amid 'garage sale' warningsnull<p>Sale of spreads business and one-off special dividend considered as government urged to protect UK’s ‘prize assets’ from takeover</p><p>Unilever is drawing up plans to heal a rift among shareholders triggered by its <a href="https://www.theguardian.com/business/2017/feb/19/kraft-heinz-unilever-shareholders-lobbies-uk-government-takeoverbid">rejection of a $143bn (£115bn) bid from Kraft Heinz</a>, amid a warning that Britain could become home to “a garage sale” unless there is protection for domestic companies from foreign takeovers.</p><p>Next month the owner of Dove soap and Ben &amp; Jerry’s ice cream will announce the results of a <a href="https://www.theguardian.com/business/2017/feb/22/unilever-takes-steps-fend-off-future-bid-kraft-heinz">review aimed at improving investor returns</a>, with the sale of its spreads business and a one-off special dividend among the options being considered.</p> <a href="https://www.theguardian.com/business/2017/mar/19/unilever-bid-rejection-shareholders-garage-sale-warning">Continue reading...</a>nullhttps://www.theguardian.com/business/2017/mar/19/unilever-bid-rejection-shareholders-garage-sale-warningnull, Rights groups lead Paris rally against police brutalitynull<p>French Human Rights League says protest, a month after officer charged with rape, is to express anger over police violence</p><p>Rights groups and victims’ families are holding a rally in Paris on Sunday against police brutality after the recent baton-rape of a young man heightened tensions over alleged beatings and deaths in police custody.<br></p><p>After a police officer was charged with <a href="https://www.theguardian.com/world/2017/feb/06/french-police-brutality-in-spotlight-again-after-officer-charged-with">raping a young black man, Theo, with a baton</a> during a violent arrest in Aulnay-sous-Bois, north of Paris last month, clashes and rioting broke out on estates around the French capital, leading to more than 250 arrests. </p> <a href="https://www.theguardian.com/world/2017/mar/19/rights-groups-to-lead-paris-rally-against-police-brutality">Continue reading...</a>nullhttps://www.theguardian.com/world/2017/mar/19/rights-groups-to-lead-paris-rally-against-police-brutalitynull, Cross-party alliance takes on Theresa May over grammar schoolsnull<p>Critics say selection won’t help social mobility crisis, as former Tory education secretary Nicky Morgan adds voice</p><p>Theresa May’s personal crusade to expand the number of grammar schools is in serious jeopardy today as senior Tory, Labour and Liberal Democrat MPs unite in an unprecedented cross-party campaign to kill off the <a href="https://www.theguardian.com/education/2016/sep/09/theresa-may-to-end-ban-on-new-grammar-schools">prime minister’s flagship education reform</a>.</p><p>In a highly unusual move, the Tory former education secretary Nicky Morgan joins forces with her previous Labour shadow Lucy Powell and the Liberal Democrat former deputy prime minister Nick Clegg to condemn the plans as damaging to social mobility, ideologically driven and divisive.</p> <a href="https://www.theguardian.com/education/2017/mar/18/cross-party-alliance-grammar-schools-theresa-may">Continue reading...</a>nullhttps://www.theguardian.com/education/2017/mar/18/cross-party-alliance-grammar-schools-theresa-maynull, Pregnancy test's alleged link to birth defects to be reviewed by UK regulatornull<p>Watchdog to examine new files found by campaigners while Primodos maker Bayer denies it caused abnormalities</p><p>The UK drugs regulator is to examine new evidence about a pregnancy test used in the 1960s and 70s which hundreds of parents believe caused serious deformities in their children, often leading to early death.</p><p>A 7,000-page cache of files discovered by a victims’ campaign group includes papers suggesting the British government knew in 1975 that the hormonal drug <a href="https://www.theguardian.com/science/the-h-word/2016/oct/13/primodos-was-a-revolutionary-oral-pregnancy-test-but-was-it-safe">Primodos</a> increased the risk of a child being born with malformations. The drug was withdrawn in 1978.</p> <a href="https://www.theguardian.com/science/2017/mar/19/pregnancy-tests-alleged-link-to-birth-defects-to-be-reviewed-by-uk-regulator">Continue reading...</a>nullhttps://www.theguardian.com/science/2017/mar/19/pregnancy-tests-alleged-link-to-birth-defects-to-be-reviewed-by-uk-regulatornull, Man and two teenagers arrested on suspicion of child abduction in Birminghamnull<p>Arrests come after police find two 13-year-old girls who had been missing since Friday in Washwood Heath area of the city</p><p>A man and two teenagers have been arrested on suspicion of child abduction after two 13-year-old girls went missing. </p><p>West Midlands police said officers had found the two girls at an address in the Washwood Heath area of Birmingham in the early hours of Sunday, after they were last seen on Friday night. </p> <a href="https://www.theguardian.com/uk-news/2017/mar/19/man-and-two-teenagers-arrested-on-suspicion-of-child-abduction-in-birmingham">Continue reading...</a>nullhttps://www.theguardian.com/uk-news/2017/mar/19/man-and-two-teenagers-arrested-on-suspicion-of-child-abduction-in-birminghamnull, Hundreds of armed police stage terror drill on Thames tourist shipnull<p>Met officers, Coastguard, fire brigade and ambulance service practise response in case of waterborne attack on London</p><p>More than 200 armed police have practised their response to a terrorist attack on a Thames “pleasure boat” in the first drill of its kind on London’s main river. </p><p>A sightseeing ship became the scene of a fierce mock gun battle between armed officers and police posing as terrorists shortly after 11am on Sunday. </p> <a href="https://www.theguardian.com/uk-news/2017/mar/19/massive-anti-terrorism-drill-on-thames-cruise-ship">Continue reading...</a>nullhttps://www.theguardian.com/uk-news/2017/mar/19/massive-anti-terrorism-drill-on-thames-cruise-shipnull, John Major attacks 'ultra-Brexiteers' as undemocratic and un-Britishnull<p>The former prime minister accused hardline leave campaigners of ‘shouting down anyone with an opposing view’</p><p> <br>Sir John Major has launched a fresh attack on “ultra-Brexiteers” within the Conservative party, accusing them of seeking to force a complete break with Europe. </p><p>The former prime minister said that having won the referendum last year with “fake facts and bogus promise”, the “ultras” were now shouting down anyone who expressed an opposing view in a way that was “totally un-British”. </p> <a href="https://www.theguardian.com/politics/2017/mar/19/john-major-attacks-ultra-brexiteers-undemocratic-un-british-theresa-may-eu-brexit">Continue reading...</a>nullhttps://www.theguardian.com/politics/2017/mar/19/john-major-attacks-ultra-brexiteers-undemocratic-un-british-theresa-may-eu-brexitnull, NHS services face 'impossible' budget crisis, health trusts warnnull<p>NHS Providers says operation waiting lists and delays at A&amp;E departments will soar next year under predicted funding</p><p>Frontline NHS services face “mission impossible” in meeting next year’s targets, health trusts have said.</p><p>Longer waiting lists for operations and delays at accident and emergency departments in England loom under the present financial constraints, said NHS Providers, a trade association that represents acute, ambulance, community and mental health services.</p> <a href="https://www.theguardian.com/society/2017/mar/19/nhs-impossible-budget-crisis-health-trusts">Continue reading...</a>nullhttps://www.theguardian.com/society/2017/mar/19/nhs-impossible-budget-crisis-health-trustsnull, BBC apologises for 'what is the right punishment for blasphemy?' tweetnull<p>Broadcaster says it never intended to imply blasphemy should be punished and said the tweet was poorly worded</p><p>BBC Asia has apologised after it posted the question “what is the right punishment for blasphemy?” <a href="https://twitter.com/bbcasiannetwork/status/842672388223483904">on its Asian Network Twitter account</a>.</p><p>The tweet was intended to promote a debate about about <a href="https://www.theguardian.com/world/2017/mar/17/pakistan-asks-facebook-twitter-help-identify-blasphemers">blasphemy on social media</a> in Pakistan with presenter Shazia Awan.</p> <a href="https://www.theguardian.com/media/2017/mar/19/bbc-apologises-for-what-is-the-right-punishment-for-blasphemy-tweet">Continue reading...</a>nullhttps://www.theguardian.com/media/2017/mar/19/bbc-apologises-for-what-is-the-right-punishment-for-blasphemy-tweetnull, Musicians must keep Britain in tune with EU after Brexit, says AshkenazynullThe veteran Russian pianist and conductor defends our common European culture<p>Vladimir Ashkenazy, one of the most revered figures in classical music, has called on musicians to strive to keep up British links with Europe in the face of Brexit. The great Russian conductor and pianist, who made his name as a soloist in the 1960s and 70s, spoke passionately to the <em>Observer</em> about his continued faith in European culture.</p><p>“Music will win in the end,” he said, speaking publicly on the subject for the first time. “After all, music is not just an exercise in making sounds. It is a reflection of our joint spiritual endeavours.”</p> <a href="https://www.theguardian.com/politics/2017/mar/19/vladimir-ashkenazy-brexit-musicians-keep-britain-in-tune">Continue reading...</a>nullhttps://www.theguardian.com/politics/2017/mar/19/vladimir-ashkenazy-brexit-musicians-keep-britain-in-tunenull, Sturgeon’s warning to May: obstruct second referendum at your perilnullSNP leader launches fiery attack on PM as she throws down the gauntlet on independence vote<p>Nicola Sturgeon has launched a ferocious attack on Theresa May, accusing her of “condescension and inflexibility” and insisting there would definitely be a second referendum on independence however hard the prime minister tried to block it.</p><p>In a sign of the test of wills to come, Scotland’s first minister said the Holyrood parliament would approve a referendum on Wednesday. She made clear that if May sought to obstruct it, it would “shatter beyond repair any notion of the UK as a respectful partnership of equals”.</p> <a href="https://www.theguardian.com/politics/2017/mar/18/nicola-sturgeon-referendum-attack-theresa-may">Continue reading...</a>nullhttps://www.theguardian.com/politics/2017/mar/18/nicola-sturgeon-referendum-attack-theresa-maynull, Secret tape reveals Momentum plot to seize control of Labournull<p><strong>Exclusive:</strong> Grassroots group hopes to harness power of UK’s largest union, Unite, and secure succession after Jeremy Corbyn</p><p>A hard-left plot by supporters of Jeremy Corbyn to seize permanent control of the Labour party and consolidate their power by formally joining forces with the super-union <a href="https://www.theguardian.com/politics/unite">Unite</a> can be revealed by the <em>Observer</em>.</p><p>The plans, described on Saturday by Labour’s deputy leader Tom Watson as “entryism” and a covert attempt by a leftwing faction to take over the party, were spelled out in detail by Jon Lansman, the founder of the grassroots organisation Momentum, who was secretly recorded addressing supporters at a meeting of a new branch of the organisation in Richmond, south London, on 1 March.</p> <a href="https://www.theguardian.com/politics/2017/mar/18/secret-tape-reveals-momentum-plot-to-link-with-unite-seize-control-of-labour">Continue reading...</a>nullhttps://www.theguardian.com/politics/2017/mar/18/secret-tape-reveals-momentum-plot-to-link-with-unite-seize-control-of-labournull, London anti-racism march draws tens of thousands of protestersnull<p>Speakers at rally berate populism behind the rise of the far-right in Europe, Britain’s vote to leave the EU, and Donald Trump</p><p>As many as 30,000 people have joined a march against racism in London during which campaigners voiced their opposition to the wave of populism they say elected Donald Trump, saw Britain vote to leave the EU and fuelled the rise of far-right politics around Europe.</p><p>The former Guantánamo Bay prisoner Moazzam Begg, one of the speakers at the Saturday protest, said Trump was one of the “bad dudes” who should be sent to the internment camp in Cuba. <br></p> <a href="https://www.theguardian.com/world/2017/mar/18/london-anti-racism-march-draws-tens-of-thousands-of-protesters">Continue reading...</a>nullhttps://www.theguardian.com/world/2017/mar/18/london-anti-racism-march-draws-tens-of-thousands-of-protestersnull, Patel to defend aid budget as famine crisis spreadsnull<p>The minister, who suggested in 2013 that the Department for International Development be scrapped, said the world was looking to Britain for leadership</p><p>Priti Patel, the international development secretary, will make her most robust defence of Britain’s aid spending on Monday when she announces an “intensifying” of efforts to tackle poverty and disease abroad.</p><p>In a speech that will be cautiously welcomed by those who feared her appointment last year risked a dismantling of the department and its work in the developing world, Patel will pledge her commitment to the UK’s humanitarian role. She will also call on leading aid charities to become more vocal at a “momentous” time, with the possibility of four major famines.</p> <a href="https://www.theguardian.com/global-development/2017/mar/18/priti-patel-aid-dfid-small-uk-charities-budget-famine">Continue reading...</a>nullhttps://www.theguardian.com/global-development/2017/mar/18/priti-patel-aid-dfid-small-uk-charities-budget-faminenull, BBC must now do for arts what it has done for science, says R4 culture bossnullJames Runcie plans to rebalance programmes in drive to put more ‘creative voices’ on air<p>With mathematicians, physicists and doctors dominating much of the airtime on BBC Radio 4, science coverage has never had it so good. But is it time to restore some balance?</p><p>The talk station’s latest signing, the <a href="https://www.theguardian.com/media/2016/apr/26/bbc-radio-4-grantchester-author-commissioning-editor-for-arts-james-runcie"><em>Grantchester </em>novelist James Runcie</a>, thinks so: “The renaissance in science shows has been remarkable. Now we really need to listen to a few more creative voices. Radio should be the perfect place to take creative risks.”</p> <a href="https://www.theguardian.com/media/2017/mar/19/grantchester-radio-4-arts-science-midweek">Continue reading...</a>nullhttps://www.theguardian.com/media/2017/mar/19/grantchester-radio-4-arts-science-midweeknull, Socialist Benoît Hamon tries to rouse and unite French left at rallynull<p>The left’s leading presidential candidate delivers an impassioned speech to 20,000 supporters at a stadium in Paris</p><p>The French Socialist leader Benoît Hamon rose to the challenge of giving <a href="https://www.theguardian.com/world/2017/mar/19/rallies-french-left-set-for-presidential-poll-defeat">his presidential campaign the kiss of life</a> on Sunday in a rousing appeal to thousands of supporters.<br></p><p>At a packed Paris arena more accustomed to hosting entertainment’s great and good, he was given the reception normally reserved for pop stars.<br></p> <a href="https://www.theguardian.com/world/2017/mar/19/socialist-benoit-hamon-tries-to-rouse-and-unite-french-left-at-rally">Continue reading...</a>nullhttps://www.theguardian.com/world/2017/mar/19/socialist-benoit-hamon-tries-to-rouse-and-unite-french-left-at-rallynull, Ex-UK ambassador calls White House wiretap claims 'gratuitously damaging'null<p>Sir Peter Westmacott, writing in the Guardian, has accused the White House of ‘peddling falsehoods’ by suggesting British intelligence spied on Trump Tower</p><p>The former British ambassador to Washington, Sir Peter Westmacott, has issued a withering criticism of <a href="https://www.theguardian.com/world/2017/mar/18/trump-merkel-nato-germany-owe-money-tweet">Donald Trump</a> and his inner circle, accusing them of making absurd, unthinkable and nonsensical claims about the UK’s involvement in <a href="https://www.theguardian.com/us-news/2017/mar/05/trump-wiretap-tweets-white-house-congress-probe-obama">alleged wiretapping of Trump Tower</a> that he warns could damage close ties between the two countries.<br></p><p> <span>Related: </span><a href="https://www.theguardian.com/commentisfree/2017/mar/19/trump-spicer-british-wiretapping-peter-westmacott">Trump and Spicer’s remarks about British ‘wiretapping’ are absurd – and dangerous</a> </p> <a href="https://www.theguardian.com/us-news/2017/mar/19/white-house-trump-wiretap-uk-ambassador-peter-westmacott">Continue reading...</a>nullhttps://www.theguardian.com/us-news/2017/mar/19/white-house-trump-wiretap-uk-ambassador-peter-westmacottnull, North Korea rocket test ups ante with belligerent Trump administration | Simon Tisdallnull<p>Washington’s own provocative stance may play into Pyongyang’s hands and reduce China’s willingness to cooperate</p><p>North Korea’s latest provocation, a weekend rocket engine test coinciding with high-level US-China talks in Beijing, has underlined just how dangerous and unpredictable the escalating military confrontation on the Korean peninsula is becoming.</p><p>The Trump administration, far from calming matters, appears set on raising the stakes in a power contest nobody can win. The reportedly successful test of the <a href="https://www.theguardian.com/world/2017/mar/19/north-koreas-kim-jong-un-hails-engine-test-as-new-birth-of-rocket-industry">high-thrust engine at the Tongchang-ri rocket launch station</a>, announced on Sunday, was hailed by North Korea’s maverick dictator, Kim Jong-un, as a breakthrough. The official KCNA news agency said the engine would be used to launch space satellites.</p> <a href="https://www.theguardian.com/world/2017/mar/19/north-korea-rocket-test-overheated-relations-with-us-rex-tillerson-kim-jong-un">Continue reading...</a>nullhttps://www.theguardian.com/world/2017/mar/19/north-korea-rocket-test-overheated-relations-with-us-rex-tillerson-kim-jong-unnull, US diplomat ejected from New Zealand after police fail to get immunity waivednull<p>Attache in US embassy in Wellington is wanted for questioning over incident in which he suffered a broken nose</p><p>A US diplomat has been forced 
[...]


18:14:29.881 [Test worker] DEBUG NewsApiIntegrationServiceTest - 'Students: boycott survey to stop cynical plan to raise fees'null<p>The National Student Survey is set to go live and universities are urging every third-year student to fill it in. So why is the NUS calling for a boycott?</p><p>The National Student Survey (NSS) goes out annually to final-year undergraduate students – in 2016, 431,000 students were invited to take part in it – providing feedback on their courses and the university as a whole. Seems harmless? Well, it isn’t.</p><p>The NSS represents big money in terms of university marketing – university student satisfaction scores are emblazoned over recruitment literature, and are used as a core component of institutional league tables. </p> <a href="https://www.theguardian.com/education/2017/jan/05/students-boycott-survey-to-stop-cynical-plan-to-raise-fees">Continue reading...</a>nullhttps://www.theguardian.com/education/2017/jan/05/students-boycott-survey-to-stop-cynical-plan-to-raise-feesnull


18:14:29.882 [Test worker] DEBUG NewsApiIntegrationServiceTest - Students Speak: What's your verdict on Ban Ki-moon's reign at the UN?null<p>At the end of this year, Ban hands over the baton as UN secretary general. What was his greatest achievement? Or failure? We want your views</p><p>In just under four months, Ban Ki-moon’s 10-year term as secretary general of the UN comes to an end. In that time, conflict around the world has intensified, <a href="https://www.theguardian.com/global-development/2016/jun/20/one-in-every-113-people-uprooted-war-persecution-says-un-refugee-agency">record numbers of people have been forced to flee their homes</a> – and the <a draggable="true" href="https://www.theguardian.com/world/2015/sep/07/what-has-the-un-achieved-united-nations">UN’s overall spend has nearly doubled, to more than £42bn</a>. The organisation has come in for much criticism in recent years, not least because of the security council’s <a draggable="true" href="https://www.theguardian.com/film/2015/apr/24/angelina-jolie-un-security-council-syria-refugees">perceived failure to protect civilians in Syria</a>, and for its <a draggable="true" href="https://www.theguardian.com/world/2015/dec/17/un-gross-failure-sexual-abuse-french-troops-central-african-republic">lack of action over abuse allegations</a> against its own peacekeepers. </p><p>Yet there have also been significant achievements during Ban’s tenure, notably the adoption of the <a draggable="true" href="https://www.theguardian.com/global-development/2015/jan/19/sustainable-development-goals-united-nations">sustainable development goals</a>, the blueprint that will shape the development agenda until 2030. He has described the goals as: “A plan of action for ending poverty in all its dimensions, irreversibly, everywhere, and leaving no one behind.” </p> <a href="https://www.theguardian.com/global-development/2016/sep/09/students-speak-ban-ki-moon-united-nations-secretary-general-your-verdict">Continue reading...</a>nullhttps://www.theguardian.com/global-development/2016/sep/09/students-speak-ban-ki-moon-united-nations-secretary-general-your-verdictnull


18:14:29.882 [Test worker] DEBUG NewsApiIntegrationServiceTest - 'Boredom is inevitable' –  how we survived our postgrad dissertationsnull<p>Finishing a master’s means living in the library while others enjoy the sun. Here, recent postgrads share their anecdotes and advice </p><p>What’s the best way to organise your notes? How should you frame an argument? Is it normal to start hating your subject? We asked <a href="https://witness.theguardian.com/assignment/57bb217fe4b047b85f6028d4">Guardian readers</a> what lessons they learned from writing their postgrad dissertations – here are the results:</p><p> <span>Related: </span><a href="https://www.theguardian.com/education/2016/jul/29/help-im-a-postgrad-how-to-combat-the-stress-of-doing-a-masters">Help! I'm a postgrad: how to combat the stress of doing a master's</a> </p> <a href="https://www.theguardian.com/education/2016/sep/09/boredom-is-inevitable-how-we-survived-our-postgrad-dissertations">Continue reading...</a>nullhttps://www.theguardian.com/education/2016/sep/09/boredom-is-inevitable-how-we-survived-our-postgrad-dissertationsnull


18:14:29.882 [Test worker] DEBUG NewsApiIntegrationServiceTest - How's your master's dissertation going? Any tips?null<p>Dissertation hand-in time approaches so we’re asking readers to tell us how you’ve been coping with the summer in the library and share your advice for fellow sufferers</p><p>A master’s dissertation: your chance to take your creativity, know-how and essay-writing brilliance to a higher level. And for postgrad students the frenzy is reaching a peak as hand-in day approaches. </p><p>We want to know how you’ve been finding the last couple of months of the course. Do you have an unforeseen mountain to climb or do you have it all mapped out? How are you and your coursemates coping with the pressure and the long library stints? Do you have any stress-busting tips for other students?</p> <a href="https://www.theguardian.com/education/2016/aug/24/hows-your-masters-dissertation-going-any-tips">Continue reading...</a>nullhttps://www.theguardian.com/education/2016/aug/24/hows-your-masters-dissertation-going-any-tipsnull


18:14:29.882 [Test worker] DEBUG NewsApiIntegrationServiceTest - What's your advice for festival novices?null<p>We’re asking Guardian readers to share their tips for inexperienced festival-goers. Had a rubbish weekend that others might learn from? Tell us all about it</p><p>It’s a tradition, of sorts: this August, thousands of students will collect their exam results, cry over them for various reasons, and descend upon remote pastureland for a party in the mud. </p><p>For many of these revellers, it will be first their taste of a music festival, where all manner of pitfalls await the unprepared.</p> <a href="https://www.theguardian.com/education/2016/jul/15/students-express-whats-your-advice-for-festival-novices">Continue reading...</a>nullhttps://www.theguardian.com/education/2016/jul/15/students-express-whats-your-advice-for-festival-novicesnull


18:14:29.882 [Test worker] DEBUG NewsApiIntegrationServiceTest - Students' end-of-year artwork 2016null<p>As part of our <strong><a href="https://viewer.gutools.co.uk/education/series/students-express">Students Express</a></strong> series, we asked you to share your end-of-year artwork. We have received hundreds of your paintings, drawings, photographs, and sculptures. Here are some of our favourites</p><ul><li><a href="https://witness.theguardian.com/assignment/57519e31e4b0efb1018741d7">View all submissions</a></li></ul> <a href="https://www.theguardian.com/education/gallery/2016/jul/04/students-end-of-year-artwork-2016">Continue reading...</a>nullhttps://www.theguardian.com/education/gallery/2016/jul/04/students-end-of-year-artwork-2016null


18:14:29.882 [Test worker] DEBUG NewsApiIntegrationServiceTest - Students' end-of-year artwork 2016 - your entries so farnull<p>As part of our <strong><a href="http://www.theguardian.com/education/series/students-express">Students Express</a></strong> series, we asked you to share your end-of-year artwork. Here is a small selection of the hundreds of contributions we’ve received so far </p><ul><li>You can view all the entries or submit your own art <a href="https://witness.theguardian.com/assignment/57519e31e4b0efb1018741d7">here</a> by 28 June<br></li></ul> <a href="https://www.theguardian.com/education/gallery/2016/jun/21/students-end-of-year-artwork-2016-your-entries-so-far">Continue reading...</a>nullhttps://www.theguardian.com/education/gallery/2016/jun/21/students-end-of-year-artwork-2016-your-entries-so-farnull


18:14:29.883 [Test worker] DEBUG NewsApiIntegrationServiceTest - Art students: send us your end-of-year artworknull<p>In our <a href="http://www.theguardian.com/education/series/students-express">Students Express</a> series you have the chance to exhibit work and share ideas with readers</p><ul><li><a href="https://witness.theguardian.com/assignment/57519e31e4b0efb1018741d7#contribute">View work submitted so far</a></li></ul><p>As the French artist Edgar Degas once said: “Art is not what you see, but what you make others see.” And what better way to make people see things than to share your art with the Guardian.</p><p><strong><a href="http://www.theguardian.com/education/series/students-express">Students Express</a></strong> is a way for students to send us their work through platforms including GuardianWitness, Instagram, Facebook and Twitter. This month, we’re asking you to submit your end-of-year artwork. At the end of June, we’ll compile our favourites into a gallery.</p> <a href="https://www.theguardian.com/education/2016/jun/06/art-students-send-us-your-finest-work">Continue reading...</a>nullhttps://www.theguardian.com/education/2016/jun/06/art-students-send-us-your-finest-worknull


18:14:29.883 [Test worker] DEBUG NewsApiIntegrationServiceTest - Truthful university applications: our favourites so farnull<p>The admissions officer of Honest University looks through your truthful personal statements and selects their class of 2016<br></p><p>To mark the deadline for uni applications through the University and Colleges Admission System (Ucas), <a href="http://www.theguardian.com/education/2016/jan/15/students-share-your-honest-uni-applications-with-us">we asked you to re-write your personal statements</a> without any of the usual blagging and bravado, and instead be completely honest. <br></p><p>We’ve had loads of <a href="http://www.theguardian.com/community/ng-interactive/2016/jan/18/students-express-your-truthful-university-applications">revealing responses</a> so far, from the would-be law student who’s <a href="http://www.theguardian.com/community/ng-interactive/2016/jan/18/students-express-your-truthful-university-applications#item-1884786">only in it for the posh lunches</a>, to the media studies student who <a href="http://www.theguardian.com/community/ng-interactive/2016/jan/18/students-express-your-truthful-university-applications#item-1883737">just wants an easy life</a>.<br></p> <a href="https://www.theguardian.com/education/2016/jan/25/truthful-university-applications-our-favourites-so-far">Continue reading...</a>nullhttps://www.theguardian.com/education/2016/jan/25/truthful-university-applications-our-favourites-so-farnull


18:14:29.883 [Test worker] DEBUG NewsApiIntegrationServiceTest - Students: share your honest uni applications with usnull<p>Many students exaggerate or bend facts on their Ucas application – but we want to know what you’d say if you were being honest</p><ul><li><a href="http://www.theguardian.com/community/ng-interactive/2016/jan/18/students-express-your-truthful-university-applications">Your contributions so far</a><br></li></ul><p>This week on <a href="http://www.theguardian.com/education/series/students-express">Students Express</a> we’re asking you to submit what you would have said in your Ucas application if you were truly being honest. <br></p><p>If you bent the truth or exaggerated a little on your statement – which had to be submitted by January 15 – <a href="http://www.theguardian.com/commentisfree/2010/oct/25/students-exaggeration-university-statement">you’re not alone</a>. University places are competitive and most students are more than happy to take advice on what to include, emphasize and leave out.</p> <a href="https://www.theguardian.com/education/2016/jan/15/students-share-your-honest-uni-applications-with-us">Continue reading...</a>nullhttps://www.theguardian.com/education/2016/jan/15/students-share-your-honest-uni-applications-with-usnull


18:14:29.883 [Test worker] DEBUG NewsApiIntegrationServiceTest - Students get creative in the kitchen – in picturesnull<p>We asked you to <a href="http://www.theguardian.com/education/2015/oct/01/students-share-your-cooking-photos-and-recipes">send us your favourite dishes to cook in halls</a> via <a href="http://www.theguardian.com/community/ng-interactive/2015/oct/01/students-express-cooking-your-guardianwitness-contributions">Guardian Witness</a>, and the recipes poured in. Here’s a selection of our favourites<br></p> <a href="https://www.theguardian.com/education/gallery/2015/nov/27/students-get-creative-in-the-kitchen-in-pictures">Continue reading...</a>nullhttps://www.theguardian.com/education/gallery/2015/nov/27/students-get-creative-in-the-kitchen-in-picturesnull


18:14:29.884 [Test worker] DEBUG NewsApiIntegrationServiceTest - Halloween makeup and prosthetics by students – in picturesnull<p>Makeup and prosthetics students showcase their ghoulish work for us this Halloween. From blood and gore to just plain ugly, these photos aren’t for the faint-hearted<br></p> <a href="https://www.theguardian.com/education/gallery/2015/oct/30/halloween-makeup-and-prosthetics-by-students-in-pictures">Continue reading...</a>nullhttps://www.theguardian.com/education/gallery/2015/oct/30/halloween-makeup-and-prosthetics-by-students-in-picturesnull


18:14:29.884 [Test worker] DEBUG NewsApiIntegrationServiceTest - NME Tour review – indie new kids carry the flamenull<p><strong>Trent University, Nottingham </strong><br>Clean Cut Kid, Peace and Will Joseph Cook are on the bill as a night of robust tunes and bellowed choruses revives glimmers of the guitar glory days</p><p>Before the BBC Sound of … poll and Brits critics’ choice award, the regular NME tours were reliable barometers of pop’s next big things. <a href="https://www.theguardian.com/music/kingsofleon">Kings of Leon</a> and the <a href="https://www.theguardian.com/music/killers">Killers</a> trotted through the cider-encrusted doors before the bottom fell out of indie and the NME went free. The revived version bills the sponsors higher than the bands under the heart-sinking slogan “Topman on tour with NME”, but again brings fresh live music to a student audience.</p> <a href="https://www.theguardian.com/music/2017/mar/15/nme-tour-review-trent-university-nottingham-clean-cut-kid-peace">Continue reading...</a>nullhttps://www.theguardian.com/music/2017/mar/15/nme-tour-review-trent-university-nottingham-clean-cut-kid-peacenull


18:14:29.884 [Test worker] DEBUG NewsApiIntegrationServiceTest - 2VCs: How do we win back anxious international students?null<p>Tough UK visa rules and harsh rhetoric have seen numbers plummet. Two vice-chancellors tell Anna Fazackerley why they think the tide may be turning</p><p><strong>Last October Amber Rudd, the Home Secretary, <a href="https://www.theguardian.com/uk-news/2016/oct/04/rudd-announces-crackdown-on-overseas-students-and-new-work-visas">pledged a major crackdown on international student numbers</a> at UK universities, linking the right to recruit foreign students to the quality of courses. The public consultation has yet to materialise, and how the government will evaluate courses remains unclear. <br></strong></p><p><strong>In the first of a new monthly series in which two vice chancellors discuss the big issues facing their institutions, Professor Colin Riordan, vice-chancellor of Cardiff University, and Professor Dominic Shellard, vice-chancellor of De Montfort University (DMU), reflect on what the future holds for the all-important overseas student market.</strong></p> <a href="https://www.theguardian.com/higher-education-network/2017/mar/15/2vcs-how-do-we-win-back-anxious-international-students">Continue reading...</a>nullhttps://www.theguardian.com/higher-education-network/2017/mar/15/2vcs-how-do-we-win-back-anxious-international-studentsnull


18:14:29.884 [Test worker] DEBUG NewsApiIntegrationServiceTest - Why is there so little social diversity in medicine? | Zara Aziznull<p>Only 7% of students across the UK are privately educated, but 26% of medical students went to fee-paying schools</p><p>Medicine in the UK has traditionally been deemed an elite profession that excludes those from low socioeconomic groups. A mere 7% of <a href="https://www.theguardian.com/education/2016/feb/24/privately-educated-elite-continues-to-take-top-jobs-finds-survey">students are privately educated</a>, but 26% of medical students went to fee-paying schools. </p><p>However, when you look closely at the figures, many students leave school at 16, and 18% of 16- to 18-year-olds are in fact privately educated; the proportion is even higher for those studying science subjects. Suddenly, the figure of 26% of privately educated medical students seems to reflect numbers studying sciences at school. It is not surprising that the majority of doctors come from more affluent backgrounds. </p> <a href="https://www.theguardian.com/healthcare-network/views-from-the-nhs-frontline/2017/mar/13/diversity-medicine-nhs-state-schools">Continue reading...</a>nullhttps://www.theguardian.com/healthcare-network/views-from-the-nhs-frontline/2017/mar/13/diversity-medicine-nhs-state-schoolsnull


18:14:29.884 [Test worker] DEBUG NewsApiIntegrationServiceTest - When will universities wake up to this epidemic of sexual harassment? | Eve LivingstonnullIt’s shameful that coded glances and quiet words are still a female student’s best defence against predatory staff<p>On my first day as a student union vice-president, amid a flurry of introductory meetings, briefings and bits of paper, I was given the names. There was a tour of the office space, a demonstration of the annual leave booking system, and stuck somewhere in between a list of staff at the university with a reputation for inappropriate behaviour who I should avoid where possible.</p><p>One, I was told, had invited two female officers to the pub under the guise of building a good working relationship. It was a bonding exercise that had ended with him following one of them home. It was recommended I didn’t attend his committee or accept the invitation for introductory drinks that would (and did) arrive on my desk within the first month of my term. Now, how to work the photocopier.</p> <a href="https://www.theguardian.com/commentisfree/2017/mar/07/when-will-universities-wake-up-to-sexual-harassment">Continue reading...</a>nullhttps://www.theguardian.com/commentisfree/2017/mar/07/when-will-universities-wake-up-to-sexual-harassmentnull


]]></system-out>
  <system-err><![CDATA[SLF4J: Class path contains multiple SLF4J bindings.
SLF4J: Found binding in [jar:file:/Users/jossmillertodd/.gradle/caches/modules-2/files-2.1/ch.qos.logback/logback-classic/1.1.7/9865cf6994f9ff13fce0bf93f2054ef6c65bb462/logback-classic-1.1.7.jar!/org/slf4j/impl/StaticLoggerBinder.class]
SLF4J: Found binding in [jar:file:/Users/jossmillertodd/.gradle/caches/modules-2/files-2.1/org.slf4j/slf4j-simple/1.6.1/58e59bfb3e247097b8122243b3bfe0049c8cfae8/slf4j-simple-1.6.1.jar!/org/slf4j/impl/StaticLoggerBinder.class]
SLF4J: See http://www.slf4j.org/codes.html#multiple_bindings for an explanation.
SLF4J: Actual binding is of type [ch.qos.logback.classic.util.ContextSelectorStaticBinder]
]]></system-err>
</testsuite>
